<?xml version="1.0" encoding="UTF-8"?>
<testsuite name="com.demo.tests.RegistrationTests" tests="2" skipped="0" failures="0" errors="0" timestamp="2025-09-26T17:26:55" hostname="LPV824W" time="3.279">
  <properties/>
  <testcase name="emptyNameNegativeRegistrationTest" classname="com.demo.tests.RegistrationTests" time="1.703"/>
  <testcase name="invalidEmailNegativeRegistrationTest" classname="com.demo.tests.RegistrationTests" time="1.564"/>
  <system-out><![CDATA[]]></system-out>
  <system-err><![CDATA[]]></system-err>
</testsuite>
