<?xml version="1.0" encoding="UTF-8"?>
<testsuite name="com.demo.tests.LoginTests" tests="2" skipped="0" failures="0" errors="0" timestamp="2025-09-26T17:26:58" hostname="LPV824W" time="2.83">
  <properties/>
  <testcase name="loginNonExistingUserNegativeTest" classname="com.demo.tests.LoginTests" time="1.382"/>
  <testcase name="loginWrongPasswordNegativeTest" classname="com.demo.tests.LoginTests" time="1.42"/>
  <system-out><![CDATA[]]></system-out>
  <system-err><![CDATA[]]></system-err>
</testsuite>
